#
# There is insufficient memory for the Java Runtime Environment to continue.
# Native memory allocation (malloc) failed to allocate 41344 bytes for Chunk::new
# Possible reasons:
#   The system is out of physical RAM or swap space
#   In 32 bit mode, the process size limit was hit
# Possible solutions:
#   Reduce memory load on the system
#   Increase physical memory or swap space
#   Check if swap backing store is full
#   Use 64 bit Java on a 64 bit OS
#   Decrease Java heap size (-Xmx/-Xms)
#   Decrease number of Java threads
#   Decrease Java thread stack sizes (-Xss)
#   Set larger code cache with -XX:ReservedCodeCacheSize=
# This output file may be truncated or incomplete.
#
#  Out of Memory Error (allocation.cpp:390), pid=7040, tid=0x0000000000002904
#
# JRE version: Java(TM) SE Runtime Environment (8.0_92-b14) (build 1.8.0_92-b14)
# Java VM: Java HotSpot(TM) 64-Bit Server VM (25.92-b14 mixed mode windows-amd64 compressed oops)
# Failed to write core dump. Minidumps are not enabled by default on client versions of Windows
#

---------------  T H R E A D  ---------------

Current thread (0x0000000013abc800):  JavaThread "C2 CompilerThread0" daemon [_thread_in_native, id=10500, stack(0x0000000015110000,0x0000000015210000)]

Stack: [0x0000000015110000,0x0000000015210000]
[error occurred during error reporting (printing stack bounds), id 0xc0000005]

Native frames: (J=compiled Java code, j=interpreted, Vv=VM code, C=native code)


Current CompileTask:
C2:   2205  363       4       java.lang.String::indexOf (166 bytes)


---------------  P R O C E S S  ---------------

Java Threads: ( => current thread )
  0x0000000015417800 JavaThread "Service Thread" daemon [_thread_blocked, id=9428, stack(0x0000000015810000,0x0000000015910000)]
  0x0000000013b0d000 JavaThread "C1 CompilerThread2" daemon [_thread_blocked, id=6600, stack(0x0000000015310000,0x0000000015410000)]
  0x0000000013aad800 JavaThread "C2 CompilerThread1" daemon [_thread_blocked, id=764, stack(0x0000000015210000,0x0000000015310000)]
=>0x0000000013abc800 JavaThread "C2 CompilerThread0" daemon [_thread_in_native, id=10500, stack(0x0000000015110000,0x0000000015210000)]
  0x0000000013abb000 JavaThread "Attach Listener" daemon [_thread_blocked, id=9780, stack(0x0000000015010000,0x0000000015110000)]
  0x0000000013ab9800 JavaThread "Signal Dispatcher" daemon [_thread_blocked, id=10652, stack(0x0000000014f10000,0x0000000015010000)]
  0x000000000268e000 JavaThread "Finalizer" daemon [_thread_blocked, id=10508, stack(0x0000000014d10000,0x0000000014e10000)]
  0x0000000002682000 JavaThread "Reference Handler" daemon [_thread_blocked, id=10644, stack(0x0000000014c10000,0x0000000014d10000)]
  0x0000000002592800 JavaThread "main" [_thread_in_native, id=9812, stack(0x0000000002440000,0x0000000002540000)]

Other Threads:
  0x0000000013a77800 VMThread [stack: 0x0000000014b10000,0x0000000014c10000] [id=10160]
  0x0000000015433800 WatcherThread [stack: 0x0000000015910000,0x0000000015a10000] [id=10424]

VM state:not at safepoint (normal execution)

VM Mutex/Monitor currently owned by a thread: None

Heap:
 PSYoungGen      total 28672K, used 10366K [0x00000000f5580000, 0x00000000f7580000, 0x0000000100000000)
  eden space 24576K, 42% used [0x00000000f5580000,0x00000000f5f9f8c8,0x00000000f6d80000)
  from space 4096K, 0% used [0x00000000f7180000,0x00000000f7180000,0x00000000f7580000)
  to   space 4096K, 0% used [0x00000000f6d80000,0x00000000f6d80000,0x00000000f7180000)
 ParOldGen       total 65536K, used 0K [0x00000000e0000000, 0x00000000e4000000, 0x00000000f5580000)
  object space 65536K, 0% used [0x00000000e0000000,0x00000000e0000000,0x00000000e4000000)
 Metaspace       used 5386K, capacity 5724K, committed 5888K, reserved 1056768K
  class space    used 676K, capacity 740K, committed 768K, reserved 1048576K

Card table byte_map: [0x0000000011a50000,0x0000000011b60000] byte_map_base: 0x0000000011350000

Marking Bits: (ParMarkBitMap*) 0x00000000756364f0
 Begin Bits: [0x0000000012010000, 0x0000000012810000)
 End Bits:   [0x0000000012810000, 0x0000000013010000)

Polling page: 0x00000000023f0000

CodeCache: size=245760Kb used=1845Kb max_used=1845Kb free=243914Kb
 bounds [0x0000000002690000, 0x0000000002900000, 0x0000000011690000]
 total_blobs=643 nmethods=368 adapters=188
 compilation: enabled

Compilation events (10 events):
Event: 2.116 Thread 0x0000000013b0d000  365       3       sun.net.www.protocol.jar.Handler::parseURL (201 bytes)
Event: 2.116 Thread 0x0000000013aad800  368       4       java.lang.Math::min (11 bytes)
Event: 2.117 Thread 0x0000000013aad800 nmethod 368 0x0000000002852a10 code [0x0000000002852b40, 0x0000000002852b98]
Event: 2.117 Thread 0x0000000013b0d000 nmethod 365 0x0000000002857610 code [0x00000000028578c0, 0x0000000002858d28]
Event: 2.117 Thread 0x0000000013b0d000  366       3       sun.net.www.protocol.jar.Handler::parseContextSpec (154 bytes)
Event: 2.119 Thread 0x0000000013b0d000 nmethod 366 0x0000000002859710 code [0x0000000002859b00, 0x000000000285c228]
Event: 2.119 Thread 0x0000000013b0d000  367       3       sun.net.www.protocol.jar.Handler::indexOfBangSlash (52 bytes)
Event: 2.119 Thread 0x0000000013b0d000 nmethod 367 0x0000000002856ad0 code [0x0000000002856c80, 0x0000000002857378]
Event: 2.119 Thread 0x0000000013b0d000  369       3       java.util.jar.Attributes$Name::isValid (45 bytes)
Event: 2.120 Thread 0x0000000013b0d000 nmethod 369 0x000000000285d410 code [0x000000000285d5e0, 0x000000000285df68]

GC Heap History (0 events):
No events

Deoptimization events (0 events):
No events

Internal exceptions (10 events):
Event: 0.062 Thread 0x0000000002592800 Exception <a 'java/lang/NoSuchMethodError': Method sun.misc.Unsafe.prefetchRead(Ljava/lang/Object;J)V name or signature does not match> (0x00000000f5587fa8) thrown at [D:\re\workspace\8-2-build-windows-amd64-cygwin\jdk8u92\6642\hotspot\src\share\vm\prims\j,PÑ?
Event: 0.266 Thread 0x0000000002592800 Exception <a 'java/security/PrivilegedActionException'> (0x00000000f56f2ea0) thrown at [D:\re\workspace\8-2-build-windows-amd64-cygwin\jdk8u92\6642\hotspot\src\share\vm\prims\jvm.cpp, line 1386]
Event: 0.266 Thread 0x0000000002592800 Exception <a 'java/security/PrivilegedActionException'> (0x00000000f56f30b0) thrown at [D:\re\workspace\8-2-build-windows-amd64-cygwin\jdk8u92\6642\hotspot\src\share\vm\prims\jvm.cpp, line 1386]
Event: 0.267 Thread 0x0000000002592800 Exception <a 'java/security/PrivilegedActionException'> (0x00000000f56f6ef8) thrown at [D:\re\workspace\8-2-build-windows-amd64-cygwin\jdk8u92\6642\hotspot\src\share\vm\prims\jvm.cpp, line 1386]
Event: 0.267 Thread 0x0000000002592800 Exception <a 'java/security/PrivilegedActionException'> (0x00000000f56f7108) thrown at [D:\re\workspace\8-2-build-windows-amd64-cygwin\jdk8u92\6642\hotspot\src\share\vm\prims\jvm.cpp, line 1386]
Event: 1.770 Thread 0x0000000002592800 Exception <a 'java/lang/ArrayIndexOutOfBoundsException': 76> (0x00000000f5afa980) thrown at [D:\re\workspace\8-2-build-windows-amd64-cygwin\jdk8u92\6642\hotspot\src\share\vm\interpreter\interpreterRuntime.cpp, line 366]
Event: 1.772 Thread 0x0000000002592800 Exception <a 'java/lang/ArrayIndexOutOfBoundsException': 18> (0x00000000f5b041b0) thrown at [D:\re\workspace\8-2-build-windows-amd64-cygwin\jdk8u92\6642\hotspot\src\share\vm\interpreter\interpreterRuntime.cpp, line 366]
Event: 1.772 Thread 0x0000000002592800 Exception <a 'java/lang/ArrayIndexOutOfBoundsException': 40> (0x00000000f5b04de0) thrown at [D:\re\workspace\8-2-build-windows-amd64-cygwin\jdk8u92\6642\hotspot\src\share\vm\interpreter\interpreterRuntime.cpp, line 366]
Event: 1.773 Thread 0x0000000002592800 Exception <a 'java/lang/ArrayIndexOutOfBoundsException'> (0x00000000f5b0b9b8) thrown at [D:\re\workspace\8-2-build-windows-amd64-cygwin\jdk8u92\6642\hotspot\src\share\vm\runtime\sharedRuntime.cpp, line 605]
Event: 1.773 Thread 0x0000000002592800 Exception <a 'java/lang/ArrayIndexOutOfBoundsException'> (0x00000000f5b10360) thrown at [D:\re\workspace\8-2-build-windows-amd64-cygwin\jdk8u92\6642\hotspot\src\share\vm\runtime\sharedRuntime.cpp, line 605]

Events (10 events):
Event: 2.117 loading class org/gradle/logging/internal/DefaultLoggingManager
Event: 2.117 loading class org/gradle/logging/internal/DefaultLoggingManager done
Event: 2.118 loading class org/gradle/logging/internal/DefaultLoggingManager$StartableLoggingSystem
Event: 2.118 loading class org/gradle/logging/internal/DefaultLoggingManager$StartableLoggingSystem done
Event: 2.118 loading class org/gradle/logging/internal/LoggingSystemAdapter$SnapshotImpl
Event: 2.118 loading class org/gradle/logging/internal/LoggingSystemAdapter$SnapshotImpl done
Event: 2.119 loading class org/slf4j/LoggerFactory
Event: 2.119 loading class org/slf4j/LoggerFactory done
Event: 2.120 loading class org/slf4j/ILoggerFactory
Event: 2.120 loading class org/slf4j/ILoggerFactory done


Dynamic libraries:
0x00007ff7a0e10000 - 0x00007ff7a0e47000 	C:\Program Files\Java\jdk1.8.0_92\bin\java.exe
0x00007ffd6e480000 - 0x00007ffd6e641000 	C:\Windows\SYSTEM32\ntdll.dll
0x00007ffd6dab0000 - 0x00007ffd6db5d000 	C:\Windows\system32\KERNEL32.DLL
0x00007ffd6b1f0000 - 0x00007ffd6b3d8000 	C:\Windows\system32\KERNELBASE.dll
0x00007ffd6db70000 - 0x00007ffd6dc17000 	C:\Windows\system32\ADVAPI32.dll
0x00007ffd6e200000 - 0x00007ffd6e29d000 	C:\Windows\system32\msvcrt.dll
0x00007ffd6dc80000 - 0x00007ffd6dcdb000 	C:\Windows\system32\sechost.dll
0x00007ffd6e0e0000 - 0x00007ffd6e1fc000 	C:\Windows\system32\RPCRT4.dll
0x00007ffd6b8f0000 - 0x00007ffd6ba46000 	C:\Windows\system32\USER32.dll
0x00007ffd6bb60000 - 0x00007ffd6bce6000 	C:\Windows\system32\GDI32.dll
0x00007ffd61fb0000 - 0x00007ffd62224000 	C:\Windows\WinSxS\amd64_microsoft.windows.common-controls_6595b64144ccf1df_6.0.10586.494_none_a2d8b04ea53e3145\COMCTL32.dll
0x00007ffd6ddc0000 - 0x00007ffd6e03d000 	C:\Windows\system32\combase.dll
0x00007ffd6b180000 - 0x00007ffd6b1ea000 	C:\Windows\system32\bcryptPrimitives.dll
0x00007ffd6e0a0000 - 0x00007ffd6e0db000 	C:\Windows\system32\IMM32.DLL
0x00000000756c0000 - 0x0000000075792000 	C:\Program Files\Java\jdk1.8.0_92\jre\bin\msvcr100.dll
0x0000000074e20000 - 0x00000000756b6000 	C:\Program Files\Java\jdk1.8.0_92\jre\bin\server\jvm.dll
0x00007ffd6daa0000 - 0x00007ffd6daa8000 	C:\Windows\system32\PSAPI.DLL
0x00007ffd691a0000 - 0x00007ffd691c3000 	C:\Windows\SYSTEM32\WINMM.dll
0x00007ffd58270000 - 0x00007ffd58279000 	C:\Windows\SYSTEM32\WSOCK32.dll
0x00007ffd66c90000 - 0x00007ffd66c9a000 	C:\Windows\SYSTEM32\VERSION.dll
0x00007ffd6b880000 - 0x00007ffd6b8eb000 	C:\Windows\system32\WS2_32.dll
0x00007ffd69170000 - 0x00007ffd6919c000 	C:\Windows\SYSTEM32\WINMMBASE.dll
0x00007ffd6b3e0000 - 0x00007ffd6b423000 	C:\Windows\system32\cfgmgr32.dll
0x0000000074e10000 - 0x0000000074e1f000 	C:\Program Files\Java\jdk1.8.0_92\jre\bin\verify.dll
0x0000000074de0000 - 0x0000000074e09000 	C:\Program Files\Java\jdk1.8.0_92\jre\bin\java.dll
0x0000000074dc0000 - 0x0000000074dd6000 	C:\Program Files\Java\jdk1.8.0_92\jre\bin\zip.dll
0x00007ffd6bda0000 - 0x00007ffd6d2fc000 	C:\Windows\system32\SHELL32.dll
0x00007ffd6ab30000 - 0x00007ffd6b175000 	C:\Windows\system32\windows.storage.dll
0x00007ffd6dc20000 - 0x00007ffd6dc72000 	C:\Windows\system32\shlwapi.dll
0x00007ffd6ab20000 - 0x00007ffd6ab2f000 	C:\Windows\system32\kernel.appcore.dll
0x00007ffd6b7c0000 - 0x00007ffd6b875000 	C:\Windows\system32\shcore.dll
0x00007ffd6aaa0000 - 0x00007ffd6aaeb000 	C:\Windows\system32\powrprof.dll
0x00007ffd6aaf0000 - 0x00007ffd6ab04000 	C:\Windows\system32\profapi.dll
0x0000000074da0000 - 0x0000000074dba000 	C:\Program Files\Java\jdk1.8.0_92\jre\bin\net.dll
0x00007ffd6a370000 - 0x00007ffd6a3cc000 	C:\Windows\system32\mswsock.dll
0x0000000074d80000 - 0x0000000074d91000 	C:\Program Files\Java\jdk1.8.0_92\jre\bin\nio.dll

VM Arguments:
jvm_args: -Dorg.gradle.appname=gradlew -Xmx512M 
java_command: org.gradle.wrapper.GradleWrapperMain cdvBuildDebug -b C:\Users\Danilo\Desktop\estudos\OldDragonRegister\platforms\android\build.gradle -PcdvBuildArch=x86 -Dorg.gradle.daemon=true -Pandroid.useDeprecatedNdk=true
java_class_path (initial): C:\Users\Danilo\Desktop\estudos\OldDragonRegister\platforms\android\\gradle\wrapper\gradle-wrapper.jar
Launcher Type: SUN_STANDARD

Environment Variables:
JAVA_HOME=C:\Program Files\Java\jdk1.8.0_92
_JAVA_OPTIONS= -Xmx512M
CLASSPATH=C:\Users\Danilo\Desktop\estudos\OldDragonRegister\platforms\android\\gradle\wrapper\gradle-wrapper.jar
PATH=C:\Program Files\Java\jdk1.8.0_92\bin;C:\ProgramData\Oracle\Java\javapath;C:\Windows\system32;C:\Windows;C:\Windows\System32\Wbem;C:\Windows\System32\WindowsPowerShell\v1.0\;D:\Android\ADT_Luna\SDK\platform-tools;D:\Android\ADT_Luna\SDK\tools;C:\Windows\system32\config\systemprofile\.dnx\bin;C:\Program Files\Microsoft DNX\Dnvm\;C:\Program Files (x86)\Skype\Phone\;C:\Program Files\nodejs\;C:\Program Files\Git\cmd;C:\Program Files\Git\mingw64\bin;C:\Program Files\Git\usr\bin;C:\Program Files\Microsoft SQL Server\130\Tools\Binn\;C:\Program Files (x86)\Windows Kits\10\Windows Performance Toolkit\;C:\Program Files (x86)\Microsoft Emulator Manager\1.0\;C:\Users\Danilo\AppData\Roaming\npm;C:\Program Files (x86)\Microsoft VS Code\bin;D:\Android\ADT_Luna\SDK\platform-tools;D:\Android\ADT_Luna\SDK\tools;C:\Program Files\Java\jdk1.8.0_92\bin
USERNAME=Danilo
OS=Windows_NT
PROCESSOR_IDENTIFIER=Intel64 Family 6 Model 42 Stepping 7, GenuineIntel



---------------  S Y S T E M  ---------------

OS: Windows 10.0 , 64 bit Build 10586 (10.0.10586.0)

CPU:total 4 (4 cores per cpu, 1 threads per core) family 6 model 42 stepping 7, cmov, cx8, fxsr, mmx, sse, sse2, sse3, ssse3, sse4.1, sse4.2, popcnt, avx, aes, clmul, tsc, tscinvbit

Memory: 4k page, physical 6194264k(930680k free), swap 6194264k(4132k free)

vm_info: Java HotSpot(TM) 64-Bit Server VM (25.92-b14) for windows-amd64 JRE (1.8.0_92-b14), built on Mar 31 2016 21:03:04 by "java_re" with MS VC++ 10.0 (VS2010)

time: Tue Jul 19 17:38:26 2016
elapsed time: 2 seconds (0d 0h 0m 2s)

